\BOOKMARK [1][-]{section.1}{\376\377\000I\000n\000t\000r\000o\000d\000u\000c\000t\000i\000o\000n}{}% 1
\BOOKMARK [2][-]{subsection.1.1}{\376\377\000H\000o\000w\000\040\000D\000o\000e\000s\000\040\000t\000h\000e\000\040\000F\000r\000a\000m\000e\000w\000o\000r\000k\000\040\000S\000o\000l\000v\000e\000\040\000D\000y\000n\000a\000m\000i\000c\000\040\000M\000o\000d\000e\000l\000s\000?}{section.1}% 2
\BOOKMARK [1][-]{section.2}{\376\377\000I\000n\000s\000t\000a\000l\000l\000a\000t\000i\000o\000n}{}% 3
\BOOKMARK [2][-]{subsection.2.1}{\376\377\000R\000e\000q\000u\000i\000r\000e\000m\000e\000n\000t\000s}{section.2}% 4
\BOOKMARK [1][-]{section.3}{\376\377\000G\000e\000t\000t\000i\000n\000g\000\040\000S\000t\000a\000r\000t\000e\000d}{}% 5
\BOOKMARK [2][-]{subsection.3.1}{\376\377\000B\000a\000s\000i\000c\000\040\000E\000x\000a\000m\000p\000l\000e}{section.3}% 6
\BOOKMARK [2][-]{subsection.3.2}{\376\377\000E\000x\000p\000l\000a\000n\000a\000t\000i\000o\000n}{section.3}% 7
\BOOKMARK [2][-]{subsection.3.3}{\376\377\000S\000o\000l\000u\000t\000i\000o\000n}{section.3}% 8
\BOOKMARK [1][-]{section.4}{\376\377\000M\000a\000t\000h\000e\000m\000a\000t\000i\000c\000a\000l\000\040\000P\000r\000o\000b\000l\000e\000m\000\040\000F\000o\000r\000m\000u\000l\000a\000t\000i\000o\000n}{}% 9
\BOOKMARK [2][-]{subsection.4.1}{\376\377\000V\000a\000r\000i\000a\000b\000l\000e\000s}{section.4}% 10
\BOOKMARK [2][-]{subsection.4.2}{\376\377\000C\000o\000n\000s\000t\000r\000a\000i\000n\000t\000s}{section.4}% 11
\BOOKMARK [2][-]{subsection.4.3}{\376\377\000O\000b\000j\000e\000c\000t\000i\000v\000e}{section.4}% 12
\BOOKMARK [1][-]{section.5}{\376\377\000M\000o\000d\000e\000l\000i\000n\000g}{}% 13
\BOOKMARK [2][-]{subsection.5.1}{\376\377\000V\000a\000r\000i\000a\000b\000l\000e\000s}{section.5}% 14
\BOOKMARK [3][-]{subsubsection.5.1.1}{\376\377\000S\000t\000a\000t\000e\000s}{subsection.5.1}% 15
\BOOKMARK [3][-]{subsubsection.5.1.2}{\376\377\000I\000n\000p\000u\000t\000s}{subsection.5.1}% 16
\BOOKMARK [4][-]{paragraph.5.1.2.1}{\376\377\000I\000n\000p\000u\000t\000\040\000G\000u\000e\000s\000s\000e\000s}{subsubsection.5.1.2}% 17
\BOOKMARK [3][-]{subsubsection.5.1.3}{\376\377\000P\000a\000r\000a\000m\000e\000t\000e\000r\000s}{subsection.5.1}% 18
\BOOKMARK [3][-]{subsubsection.5.1.4}{\376\377\000R\000u\000n\000t\000i\000m\000e\000\040\000P\000a\000r\000a\000m\000e\000t\000e\000r\000s}{subsection.5.1}% 19
\BOOKMARK [2][-]{subsection.5.2}{\376\377\000C\000o\000n\000s\000t\000r\000a\000i\000n\000t\000s}{section.5}% 20
\BOOKMARK [3][-]{subsubsection.5.2.1}{\376\377\000D\000y\000n\000a\000m\000i\000c\000\040\000C\000o\000n\000s\000t\000r\000a\000i\000n\000t\000s}{subsection.5.2}% 21
\BOOKMARK [3][-]{subsubsection.5.2.2}{\376\377\000P\000a\000t\000h\000\040\000C\000o\000n\000s\000t\000r\000a\000i\000n\000t\000s}{subsection.5.2}% 22
\BOOKMARK [3][-]{subsubsection.5.2.3}{\376\377\000F\000i\000n\000a\000l\000\040\000C\000o\000n\000s\000t\000r\000a\000i\000n\000t\000s}{subsection.5.2}% 23
\BOOKMARK [3][-]{subsubsection.5.2.4}{\376\377\000P\000a\000r\000a\000m\000e\000t\000r\000i\000c\000\040\000C\000o\000n\000s\000t\000r\000a\000i\000n\000t\000s}{subsection.5.2}% 24
\BOOKMARK [2][-]{subsection.5.3}{\376\377\000O\000b\000j\000e\000c\000t\000i\000v\000e}{section.5}% 25
\BOOKMARK [3][-]{subsubsection.5.3.1}{\376\377\000M\000a\000y\000e\000r\000\040\000T\000e\000r\000m}{subsection.5.3}% 26
\BOOKMARK [3][-]{subsubsection.5.3.2}{\376\377\000L\000a\000g\000r\000a\000n\000g\000e\000\040\000T\000e\000r\000m}{subsection.5.3}% 27
\BOOKMARK [3][-]{subsubsection.5.3.3}{\376\377\000C\000o\000m\000b\000i\000n\000e\000d\000\040\000O\000b\000j\000e\000c\000t\000i\000v\000e\000s}{subsection.5.3}% 28
\BOOKMARK [2][-]{subsection.5.4}{\376\377\000C\000o\000n\000s\000t\000a\000n\000t\000\040\000D\000e\000r\000i\000v\000a\000t\000i\000v\000e\000s}{section.5}% 29
\BOOKMARK [2][-]{subsection.5.5}{\376\377\000C\000o\000d\000e\000\040\000G\000e\000n\000e\000r\000a\000t\000i\000o\000n}{section.5}% 30
\BOOKMARK [2][-]{subsection.5.6}{\376\377\000O\000p\000t\000i\000m\000i\000z\000a\000t\000i\000o\000n}{section.5}% 31
\BOOKMARK [3][-]{subsubsection.5.6.1}{\376\377\000F\000l\000a\000g\000s}{subsection.5.6}% 32
\BOOKMARK [4][-]{paragraph.5.6.1.1}{\376\377\000I\000n\000i\000t\000V\000a\000r\000s}{subsubsection.5.6.1}% 33
\BOOKMARK [3][-]{subsubsection.5.6.2}{\376\377\000M\000e\000s\000h\000\040\000F\000l\000a\000g\000s}{subsection.5.6}% 34
\BOOKMARK [1][-]{section.6}{\376\377\000A\000n\000a\000l\000y\000s\000i\000s}{}% 35
\BOOKMARK [1][-]{section.7}{\376\377\000U\000t\000i\000l\000i\000t\000i\000e\000s}{}% 36
\BOOKMARK [2][-]{subsection.7.1}{\376\377\000S\000p\000e\000c\000i\000a\000l\000\040\000F\000u\000n\000c\000t\000i\000o\000n\000s}{section.7}% 37
\BOOKMARK [2][-]{subsection.7.2}{\376\377\000G\000l\000o\000b\000a\000l\000\040\000T\000i\000m\000e\000\040\000S\000y\000m\000b\000o\000l\000s}{section.7}% 38
\BOOKMARK [2][-]{subsection.7.3}{\376\377\000S\000t\000r\000u\000c\000t\000u\000r\000e\000s}{section.7}% 39
\BOOKMARK [3][-]{subsubsection.7.3.1}{\376\377\000I\000n\000i\000t\000V\000a\000r\000s}{subsection.7.3}% 40
\BOOKMARK [3][-]{subsubsection.7.3.2}{\376\377\000O\000b\000j\000e\000c\000t\000i\000v\000e}{subsection.7.3}% 41
\BOOKMARK [3][-]{subsubsection.7.3.3}{\376\377\000L\000i\000n\000e\000a\000r\000S\000o\000l\000v\000e\000r}{subsection.7.3}% 42
\BOOKMARK [3][-]{subsubsection.7.3.4}{\376\377\000M\000a\000t\000r\000i\000x\000T\000y\000p\000e}{subsection.7.3}% 43
\BOOKMARK [3][-]{subsubsection.7.3.5}{\376\377\000D\000o\000t\000s}{subsection.7.3}% 44
\BOOKMARK [3][-]{subsubsection.7.3.6}{\376\377\000I\000V\000P\000S\000o\000l\000v\000e\000r}{subsection.7.3}% 45
\BOOKMARK [2][-]{subsection.7.4}{\376\377\000E\000x\000p\000r\000e\000s\000s\000i\000o\000n\000\040\000S\000i\000m\000p\000l\000i\000f\000i\000c\000a\000t\000i\000o\000n}{section.7}% 46
\BOOKMARK [1][-]{section.8}{\376\377\000C\000o\000n\000c\000l\000u\000s\000i\000o\000n}{}% 47
